<?xml version="1.0" encoding="utf-8"?><testsuites name="pytest tests"><testsuite name="pytest" errors="0" failures="0" skipped="0" tests="22" time="2.009" timestamp="2026-04-19T04:43:51.806050+00:00" hostname="agent-env-b0bf5a88-02bc-4434-b684-fae9b5052899"><testcase classname="backend.tests.test_admin_api.TestHealth" name="test_health" time="0.132" /><testcase classname="backend.tests.test_admin_api.TestAuth" name="test_login_wrong_password" time="0.269" /><testcase classname="backend.tests.test_admin_api.TestAuth" name="test_login_unknown_email" time="0.047" /><testcase classname="backend.tests.test_admin_api.TestAuth" name="test_login_success" time="0.268" /><testcase classname="backend.tests.test_admin_api.TestAuth" name="test_me_no_token" time="0.046" /><testcase classname="backend.tests.test_admin_api.TestAuth" name="test_me_invalid_token" time="0.044" /><testcase classname="backend.tests.test_admin_api.TestAuth" name="test_me_success" time="0.045" /><testcase classname="backend.tests.test_admin_api.TestAdminProtection" name="test_stats_requires_auth" time="0.042" /><testcase classname="backend.tests.test_admin_api.TestAdminProtection" name="test_products_admin_requires_auth" time="0.047" /><testcase classname="backend.tests.test_admin_api.TestAdminProtection" name="test_reviews_admin_requires_auth" time="0.043" /><testcase classname="backend.tests.test_admin_api.TestAdminProtection" name="test_content_admin_requires_auth" time="0.047" /><testcase classname="backend.tests.test_admin_api.TestAdminStats" name="test_stats" time="0.046" /><testcase classname="backend.tests.test_admin_api.TestProductCRUD" name="test_admin_list_products" time="0.054" /><testcase classname="backend.tests.test_admin_api.TestProductCRUD" name="test_create_product" time="0.095" /><testcase classname="backend.tests.test_admin_api.TestProductCRUD" name="test_update_product" time="0.108" /><testcase classname="backend.tests.test_admin_api.TestProductCRUD" name="test_public_products_only_published" time="0.044" /><testcase classname="backend.tests.test_admin_api.TestProductCRUD" name="test_unpublish_hides_from_public" time="0.092" /><testcase classname="backend.tests.test_admin_api.TestProductCRUD" name="test_delete_product" time="0.143" /><testcase classname="backend.tests.test_admin_api.TestReviews" name="test_list_reviews" time="0.046" /><testcase classname="backend.tests.test_admin_api.TestReviews" name="test_update_unknown_review" time="0.047" /><testcase classname="backend.tests.test_admin_api.TestContent" name="test_upsert_and_list_content" time="0.182" /><testcase classname="backend.tests.test_admin_api.TestPayments" name="test_checkout_endpoint_exists" time="0.044" /></testsuite></testsuites>