<?xml version="1.0" encoding="utf-8"?><testsuites name="pytest tests"><testsuite name="pytest" errors="0" failures="0" skipped="0" tests="18" time="2.242" timestamp="2026-04-19T04:43:43.881896+00:00" hostname="agent-env-b0bf5a88-02bc-4434-b684-fae9b5052899"><testcase classname="backend.tests.test_phase2.TestPricing" name="test_public_pricing_returns_shape" time="0.163" /><testcase classname="backend.tests.test_phase2.TestPricing" name="test_admin_pricing_requires_auth" time="0.048" /><testcase classname="backend.tests.test_phase2.TestPricing" name="test_update_and_get_pricing" time="0.408" /><testcase classname="backend.tests.test_phase2.TestMedia" name="test_admin_media_requires_auth" time="0.045" /><testcase classname="backend.tests.test_phase2.TestMedia" name="test_upload_png" time="0.203" /><testcase classname="backend.tests.test_phase2.TestMedia" name="test_upload_non_image_rejected" time="0.044" /><testcase classname="backend.tests.test_phase2.TestMedia" name="test_list_media" time="0.044" /><testcase classname="backend.tests.test_phase2.TestMedia" name="test_public_media_serves" time="0.212" /><testcase classname="backend.tests.test_phase2.TestMedia" name="test_delete_media" time="0.093" /><testcase classname="backend.tests.test_phase2.TestBulkImport" name="test_bulk_import_first_run" time="0.052" /><testcase classname="backend.tests.test_phase2.TestBulkImport" name="test_bulk_import_second_run_updates" time="0.048" /><testcase classname="backend.tests.test_phase2.TestBulkImport" name="test_cleanup_bulk" time="0.089" /><testcase classname="backend.tests.test_phase2.TestReviewApproval" name="test_public_post_creates_pending" time="0.300" /><testcase classname="backend.tests.test_phase2.TestReviewApproval" name="test_admin_list_and_approve" time="0.133" /><testcase classname="backend.tests.test_phase2.TestReviewApproval" name="test_admin_hide" time="0.087" /><testcase classname="backend.tests.test_phase2.TestReviewApproval" name="test_cleanup_review" time="0.045" /><testcase classname="backend.tests.test_phase2.TestStripeWebhook" name="test_webhook_invalid_body" time="0.050" /><testcase classname="backend.tests.test_phase2.TestStripeWebhook" name="test_webhook_dev_mode_accepts_unverified" time="0.104" /></testsuite></testsuites>